<?xml version="1.0" encoding="UTF-8"?>
<testng-results ignored="0" total="1" passed="1" failed="0" skipped="0">
  <reporter-output>
  </reporter-output>
  <suite started-at="2023-09-12T18:07:50 IST" name="Default suite" finished-at="2023-09-12T18:07:58 IST" duration-ms="8706">
    <groups>
    </groups>
    <test started-at="2023-09-12T18:07:50 IST" name="Default test" finished-at="2023-09-12T18:07:58 IST" duration-ms="8706">
      <class name="Revision.Class_1">
        <test-method signature="flipcart()[pri:0, instance:Revision.Class_1@f0da945]" started-at="2023-09-12T18:07:50 IST" name="flipcart" finished-at="2023-09-12T18:07:58 IST" duration-ms="8635" status="PASS">
          <reporter-output>
          </reporter-output>
        </test-method> <!-- flipcart -->
      </class> <!-- Revision.Class_1 -->
    </test> <!-- Default test -->
  </suite> <!-- Default suite -->
</testng-results>
